Running php-build phpunit
WARNING! Your password will be stored unencrypted in /home/runner/.docker/config.json.
Configure a credential helper to remove this warning. See
https://docs.docker.com/engine/reference/commandline/login/#credentials-store

Login Succeeded
Pulling docker.pkg.github.com/lukasjankowski/routing/php-actions_phpunit_routing:php-latest-xdebug-build2
WARNING: ⚠️ Failed to pull manifest by the resolved digest. This registry does not
	appear to conform to the distribution registry specification; falling back to
	pull by tag.  This fallback is DEPRECATED, and will be removed in a future
	release.  Please contact admins of https://docker.pkg.github.com. ⚠️

php-latest-xdebug-build2: Pulling from lukasjankowski/routing/php-actions_phpunit_routing
540db60ca938: Already exists
933cf2f4a68f: Pulling fs layer
93c5cc202a60: Pulling fs layer
74403c16157d: Pulling fs layer
4bee5beb1538: Pulling fs layer
ffd35c294977: Pulling fs layer
dec7d435771b: Pulling fs layer
7360e37e0a72: Pulling fs layer
c4b8cf605cfc: Pulling fs layer
81cdec12361e: Pulling fs layer
637389da9367: Pulling fs layer
e464d6313016: Pulling fs layer
4bee5beb1538: Waiting
ffd35c294977: Waiting
dec7d435771b: Waiting
7360e37e0a72: Waiting
c4b8cf605cfc: Waiting
81cdec12361e: Waiting
637389da9367: Waiting
e464d6313016: Waiting
93c5cc202a60: Download complete
933cf2f4a68f: Verifying Checksum
74403c16157d: Verifying Checksum
74403c16157d: Download complete
933cf2f4a68f: Pull complete
93c5cc202a60: Pull complete
74403c16157d: Pull complete
ffd35c294977: Verifying Checksum
ffd35c294977: Download complete
4bee5beb1538: Verifying Checksum
4bee5beb1538: Download complete
4bee5beb1538: Pull complete
ffd35c294977: Pull complete
dec7d435771b: Verifying Checksum
dec7d435771b: Download complete
7360e37e0a72: Verifying Checksum
7360e37e0a72: Download complete
c4b8cf605cfc: Verifying Checksum
c4b8cf605cfc: Download complete
dec7d435771b: Pull complete
7360e37e0a72: Pull complete
637389da9367: Verifying Checksum
637389da9367: Download complete
c4b8cf605cfc: Pull complete
e464d6313016: Verifying Checksum
e464d6313016: Download complete
81cdec12361e: Verifying Checksum
81cdec12361e: Download complete
81cdec12361e: Pull complete
637389da9367: Pull complete
e464d6313016: Pull complete
Digest: sha256:a0dc1caad568bb425fa488df757a2263feeb5d6f0fe1b961ecd39049678ef3d3
Status: Downloaded newer image for docker.pkg.github.com/lukasjankowski/routing/php-actions_phpunit_routing:php-latest-xdebug-build2
docker.pkg.github.com/lukasjankowski/routing/php-actions_phpunit_routing:php-latest-xdebug-build2
Docker tag: docker.pkg.github.com/lukasjankowski/routing/php-actions_phpunit_routing:php-latest-xdebug-build2
Command:  phpunit --configuration phpunit.xml --bootstrap vendor/autoload.php --test-suffix Test.php,.phpt --coverage-text
